<?xml version="1.0" encoding="UTF-8"?>
<!-- Generated by org.testng.reporters.JUnitReportReporter -->
<testsuite skipped="0" hostname="DESKTOP-PGEV10V" name="com.Accenture.Actitime.Tasks.DeleteCustomer" tests="1" failures="0" timestamp="01 Feb 2019 17:40:27 GMT" time="83.504" errors="0">
  <testcase name="testDeleteCustomer" time="83.504" classname="com.Accenture.Actitime.Tasks.DeleteCustomer"/>
</testsuite> <!-- com.Accenture.Actitime.Tasks.DeleteCustomer -->
